<?xml version="1.0" encoding="UTF-8"?>
<!-- Generated by org.testng.reporters.JUnitReportReporter -->
<testsuite skipped="0" hostname="VampirePC" name="com.udemydemo.navtiveapps.LaunchingAppWithPackage" tests="1" failures="0" timestamp="21 Aug 2020 08:56:24 GMT" time="36.518" errors="0">
  <testcase name="test" time="36.518" classname="com.udemydemo.navtiveapps.LaunchingAppWithPackage"/>
</testsuite> <!-- com.udemydemo.navtiveapps.LaunchingAppWithPackage -->
