<?xml version="1.0" encoding="UTF-8"?>
<!-- Generated by org.testng.reporters.JUnitReportReporter -->
<testsuite skipped="0" hostname="VampirePC" name="com.udemydemo.navtiveapps.TouchActionsDemo" tests="1" failures="0" timestamp="19 Aug 2020 13:49:56 GMT" time="12.675" errors="0">
  <testcase name="test_tap" time="12.675" classname="com.udemydemo.navtiveapps.TouchActionsDemo"/>
</testsuite> <!-- com.udemydemo.navtiveapps.TouchActionsDemo -->
