<?xml version="1.0" encoding="UTF-8"?>
<!-- Generated by org.testng.reporters.JUnitReportReporter -->
<testsuite skipped="0" hostname="VampirePC" name="com.udemydemo.webapps.OpeningBrowser" tests="1" failures="0" timestamp="21 Aug 2020 13:42:52 GMT" time="46.138" errors="0">
  <testcase name="openChrome" time="46.138" classname="com.udemydemo.webapps.OpeningBrowser"/>
</testsuite> <!-- com.udemydemo.webapps.OpeningBrowser -->
