<?xml version="1.0" encoding="UTF-8"?>
<!-- Generated by org.testng.reporters.JUnitReportReporter -->
<testsuite skipped="0" hostname="VampirePC" name="com.udemydemo.ecommerceapp.TestCase3" tests="1" failures="0" timestamp="25 Aug 2020 13:09:17 GMT" time="34.298" errors="0">
  <testcase name="test_SearchProduct" time="34.298" classname="com.udemydemo.ecommerceapp.TestCase3"/>
</testsuite> <!-- com.udemydemo.ecommerceapp.TestCase3 -->
