<?xml version="1.0" encoding="UTF-8"?>
<!-- Generated by org.testng.reporters.JUnitReportReporter -->
<testsuite skipped="0" hostname="VampirePC" name="com.udemydemo.navtiveapps.OpeningApp" tests="1" failures="0" timestamp="19 Aug 2020 06:53:38 GMT" time="67.278" errors="0">
  <testcase name="launchApp" time="67.278" classname="com.udemydemo.navtiveapps.OpeningApp"/>
</testsuite> <!-- com.udemydemo.navtiveapps.OpeningApp -->
