<?xml version="1.0" encoding="UTF-8"?>
<!-- Generated by org.testng.reporters.JUnitReportReporter -->
<testsuite skipped="0" hostname="VampirePC" name="com.udemydemo.navtiveapps.DrogAndDropDemo" tests="1" failures="0" timestamp="21 Aug 2020 05:32:32 GMT" time="10.514" errors="0">
  <testcase name="test_dragAndDrop" time="10.514" classname="com.udemydemo.navtiveapps.DrogAndDropDemo"/>
</testsuite> <!-- com.udemydemo.navtiveapps.DrogAndDropDemo -->
