<?xml version="1.0" encoding="UTF-8"?>
<!-- Generated by org.testng.reporters.JUnitReportReporter -->
<testsuite skipped="0" hostname="VampirePC" name="com.udemydemo.navtiveapps.ToggleSwitchDemo" tests="1" failures="0" timestamp="21 Aug 2020 13:19:54 GMT" time="7.388" errors="0">
  <testcase name="test_toggleOnOff" time="7.388" classname="com.udemydemo.navtiveapps.ToggleSwitchDemo"/>
</testsuite> <!-- com.udemydemo.navtiveapps.ToggleSwitchDemo -->
