<?xml version="1.0" encoding="UTF-8"?>
<!-- Generated by org.testng.reporters.JUnitReportReporter -->
<testsuite skipped="0" hostname="VampirePC" name="com.udemydemo.navtiveapps.Demo1" tests="1" failures="0" timestamp="19 Aug 2020 08:25:31 GMT" time="7.404" errors="0">
  <testcase name="test_media" time="7.404" classname="com.udemydemo.navtiveapps.Demo1"/>
</testsuite> <!-- com.udemydemo.navtiveapps.Demo1 -->
