<?xml version="1.0" encoding="UTF-8"?>
<!-- Generated by org.testng.reporters.JUnitReportReporter -->
<testsuite skipped="0" hostname="VampirePC" name="com.udemydemo.ecommerceapp.TestCase2" tests="1" failures="0" timestamp="24 Aug 2020 07:01:24 GMT" time="21.276" errors="0">
  <testcase name="test_toastMessage" time="21.276" classname="com.udemydemo.ecommerceapp.TestCase2"/>
</testsuite> <!-- com.udemydemo.ecommerceapp.TestCase2 -->
