<?xml version="1.0" encoding="UTF-8"?>
<!-- Generated by org.testng.reporters.JUnitReportReporter -->
<testsuite skipped="0" hostname="VampirePC" name="com.udemydemo.webapps.LocatorsDemo" tests="1" failures="0" timestamp="23 Aug 2020 06:25:26 GMT" time="49.188" errors="0">
  <testcase name="test_cricbuzz" time="49.188" classname="com.udemydemo.webapps.LocatorsDemo"/>
</testsuite> <!-- com.udemydemo.webapps.LocatorsDemo -->
