<?xml version="1.0" encoding="UTF-8"?>
<!-- Generated by org.testng.reporters.JUnitReportReporter -->
<testsuite skipped="0" hostname="VampirePC" name="com.udemydemo.navtiveapps.MiscMethods" tests="1" failures="0" timestamp="21 Aug 2020 08:38:05 GMT" time="3.783" errors="0">
  <testcase name="test_back" time="3.783" classname="com.udemydemo.navtiveapps.MiscMethods"/>
</testsuite> <!-- com.udemydemo.navtiveapps.MiscMethods -->
