<?xml version="1.0" encoding="UTF-8"?>
<!-- Generated by org.testng.reporters.JUnitReportReporter -->
<testsuite skipped="0" hostname="VampirePC" name="com.udemydemo.ecommerceapp.TestCase1" tests="1" failures="0" timestamp="24 Aug 2020 06:28:45 GMT" time="20.755" errors="0">
  <testcase name="test_fillValidDetails" time="20.755" classname="com.udemydemo.ecommerceapp.TestCase1"/>
</testsuite> <!-- com.udemydemo.ecommerceapp.TestCase1 -->
