<?xml version="1.0" encoding="UTF-8"?>
<!-- Generated by org.testng.reporters.JUnitReportReporter -->
<testsuite skipped="0" hostname="VampirePC" name="com.udemydemo.webapps.Demo" tests="1" failures="0" timestamp="23 Aug 2020 06:01:22 GMT" time="8.299" errors="0">
  <testcase name="test" time="8.299" classname="com.udemydemo.webapps.Demo"/>
</testsuite> <!-- com.udemydemo.webapps.Demo -->
