<?xml version="1.0" encoding="UTF-8"?>
<!-- Generated by org.testng.reporters.JUnitReportReporter -->
<testsuite skipped="0" hostname="VampirePC" name="com.udemydemo.navtiveapps.AndroidUIAutomatorDemo" tests="1" failures="0" timestamp="19 Aug 2020 09:16:10 GMT" time="2.848" errors="0">
  <testcase name="test_views" time="2.848" classname="com.udemydemo.navtiveapps.AndroidUIAutomatorDemo"/>
</testsuite> <!-- com.udemydemo.navtiveapps.AndroidUIAutomatorDemo -->
