<?xml version="1.0" encoding="UTF-8"?>
<!-- Generated by org.testng.reporters.JUnitReportReporter -->
<testsuite skipped="0" hostname="VampirePC" name="com.udemydemo.navtiveapps.ScrollAction" tests="1" failures="0" timestamp="20 Aug 2020 09:46:03 GMT" time="7.329" errors="0">
  <testcase name="test_scroll" time="7.329" classname="com.udemydemo.navtiveapps.ScrollAction"/>
</testsuite> <!-- com.udemydemo.navtiveapps.ScrollAction -->
