<?xml version="1.0" encoding="UTF-8"?>
<!-- Generated by org.testng.reporters.JUnitReportReporter -->
<testsuite skipped="0" hostname="VampirePC" name="com.udemydemo.navtiveapps.SwipeAction" tests="1" failures="0" timestamp="19 Aug 2020 14:32:51 GMT" time="10.522" errors="0">
  <testcase name="test_swipe" time="10.522" classname="com.udemydemo.navtiveapps.SwipeAction"/>
</testsuite> <!-- com.udemydemo.navtiveapps.SwipeAction -->
