<?xml version="1.0" encoding="UTF-8"?>
<!-- Generated by org.testng.reporters.JUnitReportReporter -->
<testsuite skipped="0" hostname="VampirePC" name="com.udemydemo.webapps.ScrollingInWebApps" tests="1" failures="0" timestamp="23 Aug 2020 06:41:56 GMT" time="47.571" errors="0">
  <testcase name="test_Scroll" time="47.571" classname="com.udemydemo.webapps.ScrollingInWebApps"/>
</testsuite> <!-- com.udemydemo.webapps.ScrollingInWebApps -->
