<?xml version="1.0" encoding="UTF-8"?>
<!-- Generated by org.testng.reporters.JUnitReportReporter -->
<testsuite skipped="0" hostname="VampirePC" name="com.calculator.AppiumWithJavaLearning.CalculatorTest" tests="2" failures="0" timestamp="19 Aug 2020 04:14:26 GMT" time="10.018" errors="0">
  <testcase name="test_add" time="4.003" classname="com.calculator.AppiumWithJavaLearning.CalculatorTest"/>
  <testcase name="test_sub" time="6.015" classname="com.calculator.AppiumWithJavaLearning.CalculatorTest"/>
</testsuite> <!-- com.calculator.AppiumWithJavaLearning.CalculatorTest -->
