<?xml version="1.0" encoding="UTF-8"?>
<!-- Generated by org.testng.reporters.JUnitReportReporter -->
<testsuite skipped="0" hostname="VampirePC" name="com.udemydemo.ecommerceapp.LaunchStoreApp" tests="1" failures="0" timestamp="24 Aug 2020 05:35:39 GMT" time="64.655" errors="0">
  <testcase name="launchApp" time="64.655" classname="com.udemydemo.ecommerceapp.LaunchStoreApp"/>
</testsuite> <!-- com.udemydemo.ecommerceapp.LaunchStoreApp -->
